<?xml version="1.0" encoding="UTF-8"?>
<!-- Generated by org.testng.reporters.JUnitReportReporter -->
<testsuite hostname="DESKTOP-55O4248" failures="0" tests="1" name="com.banking.tests.TC_InvalidLoginTest" time="0.000" errors="0" timestamp="2022-02-07T10:11:18 IST" skipped="1">
  <testcase classname="com.banking.tests.TC_InvalidLoginTest" name="invalidlogin" time="0.000">
    <skipped/>
  </testcase> <!-- invalidlogin -->
  <system-out/>
</testsuite> <!-- com.banking.tests.TC_InvalidLoginTest -->
