<?xml version="1.0" encoding="UTF-8"?>
<!-- Generated by org.testng.reporters.JUnitReportReporter -->
<testsuite hostname="DESKTOP-55O4248" failures="0" tests="2" name="com.banking.tests.Tc_LoginTest" time="12.213" errors="0" timestamp="2022-02-04T16:13:37 IST" skipped="0">
  <testcase classname="com.banking.tests.Tc_LoginTest" name="logintest" time="12.145"/>
  <system-out/>
  <testcase classname="com.banking.tests.Tc_LoginTest" name="verifyPagetitle" time="0.068"/>
  <system-out/>
</testsuite> <!-- com.banking.tests.Tc_LoginTest -->
