<?xml version="1.0" encoding="UTF-8"?>
<!-- Generated by org.testng.reporters.JUnitReportReporter -->
<testsuite hostname="DESKTOP-55O4248" failures="0" tests="1" name="com.banking.genriclib.customReport" time="1.012" errors="0" timestamp="2022-01-28T10:57:57 IST" skipped="0">
  <testcase classname="com.banking.genriclib.customReport" name="csr" time="1.012"/>
  <system-out/>
</testsuite> <!-- com.banking.genriclib.customReport -->
