<?xml version="1.0" encoding="UTF-8"?>
<!-- Generated by org.testng.reporters.JUnitReportReporter -->
<testsuite hostname="DESKTOP-55O4248" failures="0" tests="2" name="com.banking.tests.Tc_LoginTest" time="15.166" errors="0" timestamp="2022-02-07T10:11:19 IST" skipped="0">
  <testcase classname="com.banking.tests.Tc_LoginTest" name="logintest" time="14.962"/>
  <system-out/>
  <testcase classname="com.banking.tests.Tc_LoginTest" name="verifyPagetitle" time="0.204"/>
  <system-out/>
</testsuite> <!-- com.banking.tests.Tc_LoginTest -->
